#
# There is insufficient memory for the Java Runtime Environment to continue.
# Native memory allocation (mmap) failed to map 132120576 bytes for G1 virtual space
# Possible reasons:
#   The system is out of physical RAM or swap space
#   The process is running with CompressedOops enabled, and the Java Heap may be blocking the growth of the native heap
# Possible solutions:
#   Reduce memory load on the system
#   Increase physical memory or swap space
#   Check if swap backing store is full
#   Decrease Java heap size (-Xmx/-Xms)
#   Decrease number of Java threads
#   Decrease Java thread stack sizes (-Xss)
#   Set larger code cache with -XX:ReservedCodeCacheSize=
#   JVM is running with Unscaled Compressed Oops mode in which the Java heap is
#     placed in the first 4GB address space. The Java Heap base address is the
#     maximum limit for the native heap growth. Please use -XX:HeapBaseMinAddress
#     to set the Java Heap base and to place the Java Heap above 4GB virtual address.
# This output file may be truncated or incomplete.
#
#  Out of Memory Error (./open/src/hotspot/os/windows/os_windows.cpp:3472), pid=20696, tid=20068
#
# JRE version:  (15.0.1+9) (build )
# Java VM: Java HotSpot(TM) 64-Bit Server VM (15.0.1+9-18, mixed mode, sharing, tiered, compressed oops, g1 gc, windows-amd64)
# No core dump will be written. Minidumps are not enabled by default on client versions of Windows
#

---------------  S U M M A R Y ------------

Command Line: -javaagent:C:\Program Files\JetBrains\IntelliJ IDEA 2020.3.3\lib\idea_rt.jar=5589:C:\Program Files\JetBrains\IntelliJ IDEA 2020.3.3\bin -Dfile.encoding=UTF-8 TestTamagochi

Host: Intel(R) Core(TM) i5-6200U CPU @ 2.30GHz, 4 cores, 7G,  Windows 10 , 64 bit Build 19041 (10.0.19041.928)
Time: Tue Jun  8 20:20:48 2021 Argentina Standard Time elapsed time: 0.032639 seconds (0d 0h 0m 0s)

---------------  T H R E A D  ---------------

Current thread (0x0000022c329bdf50):  JavaThread "Unknown thread" [_thread_in_vm, id=20068, stack(0x000000625f000000,0x000000625f100000)]

Stack: [0x000000625f000000,0x000000625f100000]
Native frames: (J=compiled Java code, j=interpreted, Vv=VM code, C=native code)
V  [jvm.dll+0x62ae9a]
V  [jvm.dll+0x781389]
V  [jvm.dll+0x782ae3]
V  [jvm.dll+0x783143]
V  [jvm.dll+0x216265]
V  [jvm.dll+0x6281d9]
V  [jvm.dll+0x61cd15]
V  [jvm.dll+0x2d01fd]
V  [jvm.dll+0x2d0062]
V  [jvm.dll+0x2d603c]
V  [jvm.dll+0x325b2a]
V  [jvm.dll+0x3251f4]
V  [jvm.dll+0x2a717a]
V  [jvm.dll+0x2a8318]
V  [jvm.dll+0x75e101]
V  [jvm.dll+0x3343e4]
V  [jvm.dll+0x73e826]
V  [jvm.dll+0x3b7777]
V  [jvm.dll+0x3b9201]
C  [jli.dll+0x52fb]
C  [ucrtbase.dll+0x21bb2]
C  [KERNEL32.DLL+0x17034]
C  [ntdll.dll+0x52651]


---------------  P R O C E S S  ---------------

Threads class SMR info:
_java_thread_list=0x00007ff91be34ff0, length=0, elements={
}

Java Threads: ( => current thread )

Other Threads:
  0x0000022c329fdc10 GCTaskThread "GC Thread#0" [stack: 0x000000625f100000,0x000000625f200000] [id=13508]
  0x0000022c32a0f840 ConcurrentGCThread "G1 Main Marker" [stack: 0x000000625f200000,0x000000625f300000] [id=22748]
  0x0000022c32a11350 ConcurrentGCThread "G1 Conc#0" [stack: 0x000000625f300000,0x000000625f400000] [id=4444]

[error occurred during error reporting (printing all threads), id 0xc0000005, EXCEPTION_ACCESS_VIOLATION (0xc0000005) at pc=0x00007ff91b628047]

VM state: not at safepoint (not fully initialized)

VM Mutex/Monitor currently owned by a thread:  ([mutex/lock_event])
[0x0000022c329bb040] Heap_lock - owner thread: 0x0000022c329bdf50

Heap address: 0x0000000082e00000, size: 2002 MB, Compressed Oops mode: 32-bit
CDS archive(s) mapped at: [0x0000000000000000-0x0000000000000000-0x0000000000000000), size 0, SharedBaseAddress: 0x0000000800000000, ArchiveRelocationMode: 0.
Narrow klass base: 0x0000000000000000, Narrow klass shift: 0, Narrow klass range: 0x0

Heap:
 garbage-first heap   total 129024K, used 0K [0x0000000082e00000, 0x0000000100000000)
  region size 1024K, 0 young (0K), 0 survivors (0K)
 Metaspace       used 0K, capacity 0K, committed 0K, reserved 0K
  class space    used 0K, capacity 0K, committed 0K, reserved 0K

Heap Regions: E=young(eden), S=young(survivor), O=old, HS=humongous(starts), HC=humongous(continues), CS=collection set, F=free, OA=open archive, CA=closed archive, TAMS=top-at-mark-start (previous, next)

Card table byte_map: [0x0000022c49ff0000,0x0000022c4a3e0000] _byte_map_base: 0x0000022c49bd9000

Marking Bits (Prev, Next): (CMBitMap*) 0x0000022c329ff3a0, (CMBitMap*) 0x0000022c329ff3e0
 Prev Bits: [0x0000022c4a7d0000, 0x0000022c4c718000)
 Next Bits: [0x0000022c4c720000, 0x0000022c4e668000)

GC Heap History (0 events):
No events

Deoptimization events (0 events):
No events

Classes unloaded (0 events):
No events

Classes redefined (0 events):
No events

Internal exceptions (0 events):
No events

Events (1 events):
Event: 0.018 Loaded shared library C:\Program Files\Java\jdk-15.0.1\bin\java.dll


Dynamic libraries:
0x00007ff77f6a0000 - 0x00007ff77f6af000 	C:\Program Files\Java\jdk-15.0.1\bin\java.exe
0x00007ff96e530000 - 0x00007ff96e725000 	C:\WINDOWS\SYSTEM32\ntdll.dll
0x00007ff96cb60000 - 0x00007ff96cc1d000 	C:\WINDOWS\System32\KERNEL32.DLL
0x00007ff96c090000 - 0x00007ff96c358000 	C:\WINDOWS\System32\KERNELBASE.dll
0x00007ff96c3f0000 - 0x00007ff96c4f0000 	C:\WINDOWS\System32\ucrtbase.dll
0x00007ff9550b0000 - 0x00007ff9550c8000 	C:\Program Files\Java\jdk-15.0.1\bin\jli.dll
0x00007ff96dfd0000 - 0x00007ff96e07c000 	C:\WINDOWS\System32\ADVAPI32.dll
0x00007ff96c760000 - 0x00007ff96c7fe000 	C:\WINDOWS\System32\msvcrt.dll
0x00007ff96d160000 - 0x00007ff96d1fb000 	C:\WINDOWS\System32\sechost.dll
0x00007ff96e3c0000 - 0x00007ff96e4eb000 	C:\WINDOWS\System32\RPCRT4.dll
0x00007ff96c9c0000 - 0x00007ff96cb60000 	C:\WINDOWS\System32\USER32.dll
0x00007ff96c060000 - 0x00007ff96c082000 	C:\WINDOWS\System32\win32u.dll
0x00007ff96cdd0000 - 0x00007ff96cdfa000 	C:\WINDOWS\System32\GDI32.dll
0x00007ff96bd70000 - 0x00007ff96be7b000 	C:\WINDOWS\System32\gdi32full.dll
0x00007ff96c4f0000 - 0x00007ff96c58d000 	C:\WINDOWS\System32\msvcp_win.dll
0x00007ff9552a0000 - 0x00007ff9552b9000 	C:\Program Files\Java\jdk-15.0.1\bin\VCRUNTIME140.dll
0x00007ff955880000 - 0x00007ff955b1a000 	C:\WINDOWS\WinSxS\amd64_microsoft.windows.common-controls_6595b64144ccf1df_6.0.19041.844_none_ca00b6081b84eb1d\COMCTL32.dll
0x00007ff960610000 - 0x00007ff96061a000 	C:\WINDOWS\SYSTEM32\VERSION.dll
0x00007ff96c730000 - 0x00007ff96c760000 	C:\WINDOWS\System32\IMM32.DLL
0x00007ff9599c0000 - 0x00007ff9599cc000 	C:\Program Files\Java\jdk-15.0.1\bin\vcruntime140_1.dll
0x00007ff936240000 - 0x00007ff9362d1000 	C:\Program Files\Java\jdk-15.0.1\bin\msvcp140.dll
0x00007ff91b370000 - 0x00007ff91bece000 	C:\Program Files\Java\jdk-15.0.1\bin\server\jvm.dll
0x00007ff96c660000 - 0x00007ff96c668000 	C:\WINDOWS\System32\PSAPI.DLL
0x00007ff951c50000 - 0x00007ff951c59000 	C:\WINDOWS\SYSTEM32\WSOCK32.dll
0x00007ff96e220000 - 0x00007ff96e28b000 	C:\WINDOWS\System32\WS2_32.dll
0x00007ff9545e0000 - 0x00007ff954607000 	C:\WINDOWS\SYSTEM32\WINMM.dll
0x00007ff96a500000 - 0x00007ff96a512000 	C:\WINDOWS\SYSTEM32\kernel.appcore.dll
0x00007ff955630000 - 0x00007ff95563a000 	C:\Program Files\Java\jdk-15.0.1\bin\jimage.dll
0x00007ff96a210000 - 0x00007ff96a3f4000 	C:\WINDOWS\SYSTEM32\DBGHELP.DLL
0x00007ff94d8a0000 - 0x00007ff94d8cc000 	C:\WINDOWS\SYSTEM32\dbgcore.DLL
0x00007ff96bfe0000 - 0x00007ff96c060000 	C:\WINDOWS\System32\bcryptPrimitives.dll
0x00007ff955590000 - 0x00007ff95559e000 	C:\Program Files\Java\jdk-15.0.1\bin\instrument.dll
0x00007ff94db90000 - 0x00007ff94dbb5000 	C:\Program Files\Java\jdk-15.0.1\bin\java.dll

dbghelp: loaded successfully - version: 4.0.5 - missing functions: none
symbol engine: initialized successfully - sym options: 0x614 - pdb path: .;C:\Program Files\Java\jdk-15.0.1\bin;C:\WINDOWS\SYSTEM32;C:\WINDOWS\WinSxS\amd64_microsoft.windows.common-controls_6595b64144ccf1df_6.0.19041.844_none_ca00b6081b84eb1d;C:\Program Files\Java\jdk-15.0.1\bin\server

VM Arguments:
jvm_args: -javaagent:C:\Program Files\JetBrains\IntelliJ IDEA 2020.3.3\lib\idea_rt.jar=5589:C:\Program Files\JetBrains\IntelliJ IDEA 2020.3.3\bin -Dfile.encoding=UTF-8 
java_command: TestTamagochi
java_class_path (initial): C:\GIT\Tamagochi\out\production\Tamagochi
Launcher Type: SUN_STANDARD

[Global flags]
     intx CICompilerCount                          = 3                                         {product} {ergonomic}
     uint ConcGCThreads                            = 1                                         {product} {ergonomic}
     uint G1ConcRefinementThreads                  = 4                                         {product} {ergonomic}
   size_t G1HeapRegionSize                         = 1048576                                   {product} {ergonomic}
    uintx GCDrainStackTargetSize                   = 64                                        {product} {ergonomic}
   size_t InitialHeapSize                          = 132120576                                 {product} {ergonomic}
   size_t MarkStackSize                            = 4194304                                   {product} {ergonomic}
   size_t MaxHeapSize                              = 2099249152                                {product} {ergonomic}
   size_t MinHeapDeltaBytes                        = 1048576                                   {product} {ergonomic}
   size_t MinHeapSize                              = 8388608                                   {product} {ergonomic}
    uintx NonNMethodCodeHeapSize                   = 5832780                                {pd product} {ergonomic}
    uintx NonProfiledCodeHeapSize                  = 122912730                              {pd product} {ergonomic}
    uintx ProfiledCodeHeapSize                     = 122912730                              {pd product} {ergonomic}
    uintx ReservedCodeCacheSize                    = 251658240                              {pd product} {ergonomic}
     bool SegmentedCodeCache                       = true                                      {product} {ergonomic}
   size_t SoftMaxHeapSize                          = 2099249152                             {manageable} {ergonomic}
     bool UseCompressedClassPointers               = true                                 {lp64_product} {ergonomic}
     bool UseCompressedOops                        = true                                 {lp64_product} {ergonomic}
     bool UseG1GC                                  = true                                      {product} {ergonomic}
     bool UseLargePagesIndividualAllocation        = false                                  {pd product} {ergonomic}

Logging:
Log output configuration:
 #0: stdout all=warning uptime,level,tags
 #1: stderr all=off uptime,level,tags

Environment Variables:
PATH=C:\Program Files\Common Files\Oracle\Java\javapath;C:\python\Scripts\;C:\python\;C:\Program Files (x86)\Common Files\Oracle\Java\javapath;C:\Program Files\Dell\DW WLAN Card;C:\Program Files (x86)\TEC-IT\TBarCode8\Bin;C:\ProgramData\Oracle\Java\javapath;C:\WINDOWS\system32;C:\WINDOWS;C:\WINDOWS\System32\Wbem;C:\WINDOWS\System32\WindowsPowerShell\v1.0\;C:\WINDOWS\System32\OpenSSH\;C:\FPC\3.0.4\bin\i386-Win32;C:\Program Files\Git\cmd;C:\Program Files (x86)\gnupg\bin;C:\Program Files\Calibre2\;C:\Program Files (x86)\Intel\Intel(R) Management Engine Components\DAL;C:\Program Files\Intel\Intel(R) Management Engine Components\DAL;C:\Program Files (x86)\Codebox\BitMeterOS;C:\Users\tabac\AppData\Local\Programs\Python\Python37-32\Scripts\;C:\Users\tabac\AppData\Local\Programs\Python\Python37-32\;C:\Users\tabac\AppData\Local\Microsoft\WindowsApps;C:\Users\tabac\AppData\Roaming\npm
USERNAME=tabac
OS=Windows_NT
PROCESSOR_IDENTIFIER=Intel64 Family 6 Model 78 Stepping 3, GenuineIntel



---------------  S Y S T E M  ---------------

OS:
 Windows 10 , 64 bit Build 19041 (10.0.19041.928)
OS uptime: 8 days 11:03 hours
HyperV virtualization detected

CPU: total 4 (initial active 4) (2 cores per cpu, 2 threads per core) family 6 model 78 stepping 3 microcode 0xd6, cmov, cx8, fxsr, mmx, sse, sse2, sse3, ssse3, sse4.1, sse4.2, popcnt, vzeroupper, avx, avx2, aes, clmul, erms, 3dnowpref, lzcnt, ht, tsc, tscinvbit, bmi1, bmi2, adx, fma, clflush, clflushopt

Memory: 4k page, system-wide physical 8002M (716M free)
TotalPageFile size 15957M (AvailPageFile size 71M)
current process WorkingSet (physical memory assigned to process): 10M, peak: 10M
current process commit charge ("private bytes"): 51M, peak: 177M

vm_info: Java HotSpot(TM) 64-Bit Server VM (15.0.1+9-18) for windows-amd64 JRE (15.0.1+9-18), built on Sep 15 2020 14:43:54 by "mach5one" with unknown MS VC++:1925

END.
